Started GET "/" for ::1 at 2023-10-07 10:26:37 +0100
  
ActiveRecord::NoDatabaseError (We could not find your database: RetrovateRails_development. Which can be found in the database configuration file located at config/database.yml.

To resolve this issue:

- Did you create the database for this app, or delete it? You may need to create your database.
- Has the database name changed? Check your database.yml config has the correct database name.

To create your database, run:

        bin/rails db:create
):
  
activerecord (7.0.8) lib/active_record/connection_adapters/postgresql_adapter.rb:81:in `rescue in new_client'
activerecord (7.0.8) lib/active_record/connection_adapters/postgresql_adapter.rb:77:in `new_client'
activerecord (7.0.8) lib/active_record/connection_adapters/postgresql_adapter.rb:37:in `postgresql_connection'
activerecord (7.0.8) lib/active_record/connection_adapters/abstract/connection_pool.rb:656:in `public_send'
activerecord (7.0.8) lib/active_record/connection_adapters/abstract/connection_pool.rb:656:in `new_connection'
activerecord (7.0.8) lib/active_record/connection_adapters/abstract/connection_pool.rb:700:in `checkout_new_connection'
activerecord (7.0.8) lib/active_record/connection_adapters/abstract/connection_pool.rb:679:in `try_to_checkout_new_connection'
activerecord (7.0.8) lib/active_record/connection_adapters/abstract/connection_pool.rb:640:in `acquire_connection'
activerecord (7.0.8) lib/active_record/connection_adapters/abstract/connection_pool.rb:341:in `checkout'
activerecord (7.0.8) lib/active_record/connection_adapters/abstract/connection_pool.rb:181:in `connection'
activerecord (7.0.8) lib/active_record/connection_adapters/abstract/connection_handler.rb:211:in `retrieve_connection'
activerecord (7.0.8) lib/active_record/connection_handling.rb:313:in `retrieve_connection'
activerecord (7.0.8) lib/active_record/connection_handling.rb:280:in `connection'
activerecord (7.0.8) lib/active_record/migration.rb:648:in `connection'
activerecord (7.0.8) lib/active_record/migration.rb:643:in `build_watcher'
activerecord (7.0.8) lib/active_record/migration.rb:625:in `block in call'
activerecord (7.0.8) lib/active_record/migration.rb:624:in `synchronize'
activerecord (7.0.8) lib/active_record/migration.rb:624:in `call'
actionpack (7.0.8) lib/action_dispatch/middleware/callbacks.rb:27:in `block in call'
activesupport (7.0.8) lib/active_support/callbacks.rb:99:in `run_callbacks'
actionpack (7.0.8) lib/action_dispatch/middleware/callbacks.rb:26:in `call'
actionpack (7.0.8) lib/action_dispatch/middleware/executor.rb:14:in `call'
actionpack (7.0.8) lib/action_dispatch/middleware/actionable_exceptions.rb:17:in `call'
actionpack (7.0.8) lib/action_dispatch/middleware/debug_exceptions.rb:28:in `call'
web-console (4.2.1) lib/web_console/middleware.rb:132:in `call_app'
web-console (4.2.1) lib/web_console/middleware.rb:28:in `block in call'
web-console (4.2.1) lib/web_console/middleware.rb:17:in `catch'
web-console (4.2.1) lib/web_console/middleware.rb:17:in `call'
actionpack (7.0.8) lib/action_dispatch/middleware/show_exceptions.rb:29:in `call'
railties (7.0.8) lib/rails/rack/logger.rb:40:in `call_app'
railties (7.0.8) lib/rails/rack/logger.rb:25:in `block in call'
activesupport (7.0.8) lib/active_support/tagged_logging.rb:99:in `block in tagged'
activesupport (7.0.8) lib/active_support/tagged_logging.rb:37:in `tagged'
activesupport (7.0.8) lib/active_support/tagged_logging.rb:99:in `tagged'
railties (7.0.8) lib/rails/rack/logger.rb:25:in `call'
sprockets-rails (3.4.2) lib/sprockets/rails/quiet_assets.rb:13:in `call'
actionpack (7.0.8) lib/action_dispatch/middleware/remote_ip.rb:93:in `call'
actionpack (7.0.8) lib/action_dispatch/middleware/request_id.rb:26:in `call'
rack (2.2.8) lib/rack/method_override.rb:24:in `call'
rack (2.2.8) lib/rack/runtime.rb:22:in `call'
activesupport (7.0.8) lib/active_support/cache/strategy/local_cache_middleware.rb:29:in `call'
actionpack (7.0.8) lib/action_dispatch/middleware/server_timing.rb:61:in `block in call'
actionpack (7.0.8) lib/action_dispatch/middleware/server_timing.rb:26:in `collect_events'
actionpack (7.0.8) lib/action_dispatch/middleware/server_timing.rb:60:in `call'
actionpack (7.0.8) lib/action_dispatch/middleware/executor.rb:14:in `call'
actionpack (7.0.8) lib/action_dispatch/middleware/static.rb:23:in `call'
rack (2.2.8) lib/rack/sendfile.rb:110:in `call'
actionpack (7.0.8) lib/action_dispatch/middleware/host_authorization.rb:138:in `call'
railties (7.0.8) lib/rails/engine.rb:530:in `call'
puma (5.6.7) lib/puma/configuration.rb:252:in `call'
puma (5.6.7) lib/puma/request.rb:77:in `block in handle_request'
puma (5.6.7) lib/puma/thread_pool.rb:340:in `with_force_shutdown'
puma (5.6.7) lib/puma/request.rb:76:in `handle_request'
puma (5.6.7) lib/puma/server.rb:443:in `process_client'
puma (5.6.7) lib/puma/thread_pool.rb:147:in `block in spawn_thread'
  [1m[35m (292.3ms)[0m  [1m[35mCREATE DATABASE "RetrovateRails_development" ENCODING = 'unicode'[0m
  [1m[35m (146.9ms)[0m  [1m[35mCREATE DATABASE "RetrovateRails_test" ENCODING = 'unicode'[0m
  [1m[35m (19.1ms)[0m  [1m[35mCREATE TABLE "schema_migrations" ("version" character varying NOT NULL PRIMARY KEY)[0m
  [1m[35m (45.3ms)[0m  [1m[35mCREATE TABLE "ar_internal_metadata" ("key" character varying NOT NULL PRIMARY KEY, "value" character varying, "created_at" timestamp(6) NOT NULL, "updated_at" timestamp(6) NOT NULL)[0m
  [1m[35m (1.0ms)[0m  [1m[34mSELECT pg_try_advisory_lock(2381184294941014920)[0m
  [1m[36mActiveRecord::SchemaMigration Pluck (0.9ms)[0m  [1m[34mSELECT "schema_migrations"."version" FROM "schema_migrations" ORDER BY "schema_migrations"."version" ASC[0m
  [1m[36mActiveRecord::InternalMetadata Load (0.8ms)[0m  [1m[34mSELECT "ar_internal_metadata".* FROM "ar_internal_metadata" WHERE "ar_internal_metadata"."key" = $1 LIMIT $2[0m  [["key", "environment"], ["LIMIT", 1]]
  [1m[36mTRANSACTION (0.1ms)[0m  [1m[35mBEGIN[0m
  [1m[36mActiveRecord::InternalMetadata Create (42.4ms)[0m  [1m[32mINSERT INTO "ar_internal_metadata" ("key", "value", "created_at", "updated_at") VALUES ($1, $2, $3, $4) RETURNING "key"[0m  [["key", "environment"], ["value", "development"], ["created_at", "2023-10-07 09:28:06.562357"], ["updated_at", "2023-10-07 09:28:06.562357"]]
  [1m[36mTRANSACTION (0.3ms)[0m  [1m[35mCOMMIT[0m
  [1m[35m (0.2ms)[0m  [1m[34mSELECT pg_advisory_unlock(2381184294941014920)[0m
  [1m[36mActiveRecord::SchemaMigration Pluck (0.7ms)[0m  [1m[34mSELECT "schema_migrations"."version" FROM "schema_migrations" ORDER BY "schema_migrations"."version" ASC[0m
Started GET "/" for ::1 at 2023-10-07 10:28:21 +0100
  [1m[36mActiveRecord::SchemaMigration Pluck (0.5ms)[0m  [1m[34mSELECT "schema_migrations"."version" FROM "schema_migrations" ORDER BY "schema_migrations"."version" ASC[0m
Processing by Rails::WelcomeController#index as HTML
  Rendering /Users/elliotduck/.rvm/gems/ruby-3.2.2/gems/railties-7.0.8/lib/rails/templates/rails/welcome/index.html.erb
  Rendered /Users/elliotduck/.rvm/gems/ruby-3.2.2/gems/railties-7.0.8/lib/rails/templates/rails/welcome/index.html.erb (Duration: 1.2ms | Allocations: 491)
Completed 200 OK in 13ms (Views: 3.2ms | ActiveRecord: 0.0ms | Allocations: 4811)


Started GET "/" for ::1 at 2023-10-07 10:30:29 +0100
  [1m[36mActiveRecord::SchemaMigration Pluck (0.5ms)[0m  [1m[34mSELECT "schema_migrations"."version" FROM "schema_migrations" ORDER BY "schema_migrations"."version" ASC[0m
Processing by Rails::WelcomeController#index as HTML
  Rendering /Users/elliotduck/.rvm/gems/ruby-3.2.2/gems/railties-7.0.8/lib/rails/templates/rails/welcome/index.html.erb
  Rendered /Users/elliotduck/.rvm/gems/ruby-3.2.2/gems/railties-7.0.8/lib/rails/templates/rails/welcome/index.html.erb (Duration: 1.3ms | Allocations: 491)
Completed 200 OK in 12ms (Views: 3.4ms | ActiveRecord: 0.0ms | Allocations: 4217)


Started GET "/" for ::1 at 2023-10-07 10:31:38 +0100
Processing by Rails::WelcomeController#index as HTML
  Rendering /Users/elliotduck/.rvm/gems/ruby-3.2.2/gems/railties-7.0.8/lib/rails/templates/rails/welcome/index.html.erb
  Rendered /Users/elliotduck/.rvm/gems/ruby-3.2.2/gems/railties-7.0.8/lib/rails/templates/rails/welcome/index.html.erb (Duration: 0.7ms | Allocations: 272)
Completed 200 OK in 3ms (Views: 1.7ms | ActiveRecord: 0.0ms | Allocations: 905)


Started GET "/" for ::1 at 2023-10-07 10:33:25 +0100
  [1m[36mActiveRecord::SchemaMigration Pluck (0.2ms)[0m  [1m[34mSELECT "schema_migrations"."version" FROM "schema_migrations" ORDER BY "schema_migrations"."version" ASC[0m
  [1m[36mCACHE ActiveRecord::SchemaMigration Pluck (0.0ms)[0m  [1m[34mSELECT "schema_migrations"."version" FROM "schema_migrations" ORDER BY "schema_migrations"."version" ASC[0m
  
ActiveRecord::PendingMigrationError (

Migrations are pending. To resolve this issue, run:

        bin/rails db:migrate RAILS_ENV=development

You have 1 pending migration:

20231007093307_create_blogs.rb


):
  
activerecord (7.0.8) lib/active_record/migration.rb:662:in `check_pending!'
activerecord (7.0.8) lib/active_record/migration.rb:627:in `block (2 levels) in call'
activesupport (7.0.8) lib/active_support/file_update_checker.rb:83:in `execute'
activesupport (7.0.8) lib/active_support/file_update_checker.rb:93:in `execute_if_updated'
activerecord (7.0.8) lib/active_record/migration.rb:634:in `block in call'
activerecord (7.0.8) lib/active_record/migration.rb:624:in `synchronize'
activerecord (7.0.8) lib/active_record/migration.rb:624:in `call'
actionpack (7.0.8) lib/action_dispatch/middleware/callbacks.rb:27:in `block in call'
activesupport (7.0.8) lib/active_support/callbacks.rb:99:in `run_callbacks'
actionpack (7.0.8) lib/action_dispatch/middleware/callbacks.rb:26:in `call'
actionpack (7.0.8) lib/action_dispatch/middleware/executor.rb:14:in `call'
actionpack (7.0.8) lib/action_dispatch/middleware/actionable_exceptions.rb:17:in `call'
actionpack (7.0.8) lib/action_dispatch/middleware/debug_exceptions.rb:28:in `call'
web-console (4.2.1) lib/web_console/middleware.rb:132:in `call_app'
web-console (4.2.1) lib/web_console/middleware.rb:28:in `block in call'
web-console (4.2.1) lib/web_console/middleware.rb:17:in `catch'
web-console (4.2.1) lib/web_console/middleware.rb:17:in `call'
actionpack (7.0.8) lib/action_dispatch/middleware/show_exceptions.rb:29:in `call'
railties (7.0.8) lib/rails/rack/logger.rb:40:in `call_app'
railties (7.0.8) lib/rails/rack/logger.rb:25:in `block in call'
activesupport (7.0.8) lib/active_support/tagged_logging.rb:99:in `block in tagged'
activesupport (7.0.8) lib/active_support/tagged_logging.rb:37:in `tagged'
activesupport (7.0.8) lib/active_support/tagged_logging.rb:99:in `tagged'
railties (7.0.8) lib/rails/rack/logger.rb:25:in `call'
sprockets-rails (3.4.2) lib/sprockets/rails/quiet_assets.rb:13:in `call'
actionpack (7.0.8) lib/action_dispatch/middleware/remote_ip.rb:93:in `call'
actionpack (7.0.8) lib/action_dispatch/middleware/request_id.rb:26:in `call'
rack (2.2.8) lib/rack/method_override.rb:24:in `call'
rack (2.2.8) lib/rack/runtime.rb:22:in `call'
activesupport (7.0.8) lib/active_support/cache/strategy/local_cache_middleware.rb:29:in `call'
actionpack (7.0.8) lib/action_dispatch/middleware/server_timing.rb:61:in `block in call'
actionpack (7.0.8) lib/action_dispatch/middleware/server_timing.rb:26:in `collect_events'
actionpack (7.0.8) lib/action_dispatch/middleware/server_timing.rb:60:in `call'
actionpack (7.0.8) lib/action_dispatch/middleware/executor.rb:14:in `call'
actionpack (7.0.8) lib/action_dispatch/middleware/static.rb:23:in `call'
rack (2.2.8) lib/rack/sendfile.rb:110:in `call'
actionpack (7.0.8) lib/action_dispatch/middleware/host_authorization.rb:138:in `call'
railties (7.0.8) lib/rails/engine.rb:530:in `call'
puma (5.6.7) lib/puma/configuration.rb:252:in `call'
puma (5.6.7) lib/puma/request.rb:77:in `block in handle_request'
puma (5.6.7) lib/puma/thread_pool.rb:340:in `with_force_shutdown'
puma (5.6.7) lib/puma/request.rb:76:in `handle_request'
puma (5.6.7) lib/puma/server.rb:443:in `process_client'
puma (5.6.7) lib/puma/thread_pool.rb:147:in `block in spawn_thread'
  [1m[35m (0.2ms)[0m  [1m[34mSELECT pg_try_advisory_lock(2381184294941014920)[0m
  [1m[36mActiveRecord::SchemaMigration Pluck (0.5ms)[0m  [1m[34mSELECT "schema_migrations"."version" FROM "schema_migrations" ORDER BY "schema_migrations"."version" ASC[0m
Migrating to CreateBlogs (20231007093307)
  [1m[36mTRANSACTION (0.1ms)[0m  [1m[35mBEGIN[0m
  [1m[35m (47.4ms)[0m  [1m[35mCREATE TABLE "blogs" ("id" bigserial primary key, "title" character varying, "body" character varying, "text" character varying, "created_at" timestamp(6) NOT NULL, "updated_at" timestamp(6) NOT NULL)[0m
  [1m[36mActiveRecord::SchemaMigration Create (0.5ms)[0m  [1m[32mINSERT INTO "schema_migrations" ("version") VALUES ($1) RETURNING "version"[0m  [["version", "20231007093307"]]
  [1m[36mTRANSACTION (40.5ms)[0m  [1m[35mCOMMIT[0m
  [1m[36mActiveRecord::InternalMetadata Load (41.1ms)[0m  [1m[34mSELECT "ar_internal_metadata".* FROM "ar_internal_metadata" WHERE "ar_internal_metadata"."key" = $1 LIMIT $2[0m  [["key", "environment"], ["LIMIT", 1]]
  [1m[35m (0.3ms)[0m  [1m[34mSELECT pg_advisory_unlock(2381184294941014920)[0m
  [1m[36mActiveRecord::SchemaMigration Pluck (0.6ms)[0m  [1m[34mSELECT "schema_migrations"."version" FROM "schema_migrations" ORDER BY "schema_migrations"."version" ASC[0m
Started GET "/" for ::1 at 2023-10-07 10:35:30 +0100
  [1m[36mActiveRecord::SchemaMigration Pluck (0.2ms)[0m  [1m[34mSELECT "schema_migrations"."version" FROM "schema_migrations" ORDER BY "schema_migrations"."version" ASC[0m
Processing by Rails::WelcomeController#index as HTML
  Rendering /Users/elliotduck/.rvm/gems/ruby-3.2.2/gems/railties-7.0.8/lib/rails/templates/rails/welcome/index.html.erb
  Rendered /Users/elliotduck/.rvm/gems/ruby-3.2.2/gems/railties-7.0.8/lib/rails/templates/rails/welcome/index.html.erb (Duration: 0.7ms | Allocations: 272)
Completed 200 OK in 3ms (Views: 1.7ms | ActiveRecord: 0.0ms | Allocations: 857)


Started GET "/" for ::1 at 2023-10-07 10:35:36 +0100
Processing by Rails::WelcomeController#index as HTML
  Rendering /Users/elliotduck/.rvm/gems/ruby-3.2.2/gems/railties-7.0.8/lib/rails/templates/rails/welcome/index.html.erb
  Rendered /Users/elliotduck/.rvm/gems/ruby-3.2.2/gems/railties-7.0.8/lib/rails/templates/rails/welcome/index.html.erb (Duration: 0.1ms | Allocations: 14)
Completed 200 OK in 1ms (Views: 0.4ms | ActiveRecord: 0.0ms | Allocations: 214)


Started GET "/" for ::1 at 2023-10-07 10:35:37 +0100
Processing by Rails::WelcomeController#index as HTML
  Rendering /Users/elliotduck/.rvm/gems/ruby-3.2.2/gems/railties-7.0.8/lib/rails/templates/rails/welcome/index.html.erb
  Rendered /Users/elliotduck/.rvm/gems/ruby-3.2.2/gems/railties-7.0.8/lib/rails/templates/rails/welcome/index.html.erb (Duration: 0.1ms | Allocations: 13)
Completed 200 OK in 1ms (Views: 0.4ms | ActiveRecord: 0.0ms | Allocations: 210)


Started GET "/blog" for ::1 at 2023-10-07 10:35:41 +0100
  
ActionController::RoutingError (No route matches [GET] "/blog"):
  
Started GET "/blogs" for ::1 at 2023-10-07 10:35:45 +0100
Processing by BlogsController#index as HTML
  Rendering layout layouts/application.html.erb
  Rendering blogs/index.html.erb within layouts/application
  [1m[36mBlog Load (0.6ms)[0m  [1m[34mSELECT "blogs".* FROM "blogs"[0m
  ↳ app/views/blogs/index.html.erb:6
  Rendered blogs/index.html.erb within layouts/application (Duration: 3.9ms | Allocations: 1144)
  Rendered layout layouts/application.html.erb (Duration: 325.7ms | Allocations: 89647)
Completed 200 OK in 334ms (Views: 329.0ms | ActiveRecord: 0.6ms | Allocations: 91235)


Started GET "/blogs/new" for ::1 at 2023-10-07 10:36:51 +0100
Processing by BlogsController#new as HTML
  Rendering layout layouts/application.html.erb
  Rendering blogs/new.html.erb within layouts/application
  Rendered blogs/_form.html.erb (Duration: 13.5ms | Allocations: 2720)
  Rendered blogs/new.html.erb within layouts/application (Duration: 14.6ms | Allocations: 3023)
  Rendered layout layouts/application.html.erb (Duration: 17.6ms | Allocations: 5140)
Completed 200 OK in 42ms (Views: 18.1ms | ActiveRecord: 5.8ms | Allocations: 15969)


Started POST "/blogs" for ::1 at 2023-10-07 10:37:08 +0100
Processing by BlogsController#create as TURBO_STREAM
  Parameters: {"authenticity_token"=>"[FILTERED]", "blog"=>{"title"=>"My first blog", "body"=>"Heading here", "text"=>"Here's some content"}, "commit"=>"Create Blog"}
  [1m[36mTRANSACTION (0.1ms)[0m  [1m[35mBEGIN[0m
  ↳ app/controllers/blogs_controller.rb:27:in `block in create'
  [1m[36mBlog Create (1.3ms)[0m  [1m[32mINSERT INTO "blogs" ("title", "body", "text", "created_at", "updated_at") VALUES ($1, $2, $3, $4, $5) RETURNING "id"[0m  [["title", "My first blog"], ["body", "Heading here"], ["text", "Here's some content"], ["created_at", "2023-10-07 09:37:08.274517"], ["updated_at", "2023-10-07 09:37:08.274517"]]
  ↳ app/controllers/blogs_controller.rb:27:in `block in create'
  [1m[36mTRANSACTION (40.4ms)[0m  [1m[35mCOMMIT[0m
  ↳ app/controllers/blogs_controller.rb:27:in `block in create'
Redirected to http://localhost:3000/blogs/1
Completed 302 Found in 49ms (ActiveRecord: 41.8ms | Allocations: 3683)


Started GET "/blogs/1" for ::1 at 2023-10-07 10:37:08 +0100
Processing by BlogsController#show as TURBO_STREAM
  Parameters: {"id"=>"1"}
  [1m[36mBlog Load (0.3ms)[0m  [1m[34mSELECT "blogs".* FROM "blogs" WHERE "blogs"."id" = $1 LIMIT $2[0m  [["id", 1], ["LIMIT", 1]]
  ↳ app/controllers/blogs_controller.rb:63:in `set_blog'
  Rendering layout layouts/application.html.erb
  Rendering blogs/show.html.erb within layouts/application
  Rendered blogs/_blog.html.erb (Duration: 1.0ms | Allocations: 220)
  Rendered blogs/show.html.erb within layouts/application (Duration: 4.5ms | Allocations: 1380)
  Rendered layout layouts/application.html.erb (Duration: 7.3ms | Allocations: 3477)
Completed 200 OK in 15ms (Views: 7.7ms | ActiveRecord: 0.6ms | Allocations: 6146)


Started GET "/blogs/1" for ::1 at 2023-10-07 10:37:17 +0100
Processing by BlogsController#show as HTML
  Parameters: {"id"=>"1"}
  [1m[36mBlog Load (0.4ms)[0m  [1m[34mSELECT "blogs".* FROM "blogs" WHERE "blogs"."id" = $1 LIMIT $2[0m  [["id", 1], ["LIMIT", 1]]
  ↳ app/controllers/blogs_controller.rb:63:in `set_blog'
  Rendering layout layouts/application.html.erb
  Rendering blogs/show.html.erb within layouts/application
  Rendered blogs/_blog.html.erb (Duration: 0.1ms | Allocations: 22)
  Rendered blogs/show.html.erb within layouts/application (Duration: 1.3ms | Allocations: 554)
  Rendered layout layouts/application.html.erb (Duration: 4.7ms | Allocations: 2651)
Completed 200 OK in 7ms (Views: 5.3ms | ActiveRecord: 0.4ms | Allocations: 3424)


Started GET "/blogs/" for ::1 at 2023-10-07 10:37:17 +0100
Processing by BlogsController#index as HTML
  Rendering layout layouts/application.html.erb
  Rendering blogs/index.html.erb within layouts/application
  [1m[36mBlog Load (0.4ms)[0m  [1m[34mSELECT "blogs".* FROM "blogs"[0m
  ↳ app/views/blogs/index.html.erb:6
  Rendered blogs/_blog.html.erb (Duration: 0.1ms | Allocations: 22)
  Rendered blogs/index.html.erb within layouts/application (Duration: 3.8ms | Allocations: 923)
  Rendered layout layouts/application.html.erb (Duration: 12.9ms | Allocations: 3028)
Completed 200 OK in 14ms (Views: 13.2ms | ActiveRecord: 0.4ms | Allocations: 3301)


Started GET "/blogs/1" for ::1 at 2023-10-07 10:40:51 +0100
Processing by BlogsController#show as HTML
  Parameters: {"id"=>"1"}
  [1m[36mBlog Load (0.2ms)[0m  [1m[34mSELECT "blogs".* FROM "blogs" WHERE "blogs"."id" = $1 LIMIT $2[0m  [["id", 1], ["LIMIT", 1]]
  ↳ app/controllers/blogs_controller.rb:63:in `set_blog'
  Rendering layout layouts/application.html.erb
  Rendering blogs/show.html.erb within layouts/application
  Rendered blogs/_blog.html.erb (Duration: 0.1ms | Allocations: 22)
  Rendered blogs/show.html.erb within layouts/application (Duration: 1.4ms | Allocations: 563)
  Rendered layout layouts/application.html.erb (Duration: 4.1ms | Allocations: 2660)
Completed 200 OK in 6ms (Views: 4.5ms | ActiveRecord: 0.2ms | Allocations: 3435)


Started DELETE "/blogs/1" for ::1 at 2023-10-07 10:40:53 +0100
Processing by BlogsController#destroy as TURBO_STREAM
  Parameters: {"authenticity_token"=>"[FILTERED]", "id"=>"1"}
  [1m[36mBlog Load (0.3ms)[0m  [1m[34mSELECT "blogs".* FROM "blogs" WHERE "blogs"."id" = $1 LIMIT $2[0m  [["id", 1], ["LIMIT", 1]]
  ↳ app/controllers/blogs_controller.rb:63:in `set_blog'
  [1m[36mTRANSACTION (0.1ms)[0m  [1m[35mBEGIN[0m
  ↳ app/controllers/blogs_controller.rb:52:in `destroy'
  [1m[36mBlog Destroy (2.6ms)[0m  [1m[31mDELETE FROM "blogs" WHERE "blogs"."id" = $1[0m  [["id", 1]]
  ↳ app/controllers/blogs_controller.rb:52:in `destroy'
  [1m[36mTRANSACTION (0.3ms)[0m  [1m[35mCOMMIT[0m
  ↳ app/controllers/blogs_controller.rb:52:in `destroy'
Redirected to http://localhost:3000/blogs
Completed 302 Found in 8ms (ActiveRecord: 3.3ms | Allocations: 2556)


Started GET "/blogs" for ::1 at 2023-10-07 10:40:53 +0100
Processing by BlogsController#index as TURBO_STREAM
  Rendering layout layouts/application.html.erb
  Rendering blogs/index.html.erb within layouts/application
  [1m[36mBlog Load (0.2ms)[0m  [1m[34mSELECT "blogs".* FROM "blogs"[0m
  ↳ app/views/blogs/index.html.erb:6
  Rendered blogs/index.html.erb within layouts/application (Duration: 1.6ms | Allocations: 807)
  Rendered layout layouts/application.html.erb (Duration: 5.1ms | Allocations: 2912)
Completed 200 OK in 6ms (Views: 5.3ms | ActiveRecord: 0.2ms | Allocations: 3186)


Started GET "/blogs" for ::1 at 2023-10-07 10:40:57 +0100
Processing by BlogsController#index as HTML
  Rendering layout layouts/application.html.erb
  Rendering blogs/index.html.erb within layouts/application
  [1m[36mBlog Load (0.8ms)[0m  [1m[34mSELECT "blogs".* FROM "blogs"[0m
  ↳ app/views/blogs/index.html.erb:6
  Rendered blogs/index.html.erb within layouts/application (Duration: 2.4ms | Allocations: 760)
  Rendered layout layouts/application.html.erb (Duration: 5.6ms | Allocations: 2865)
Completed 200 OK in 6ms (Views: 5.2ms | ActiveRecord: 0.8ms | Allocations: 3134)


Started GET "/blogs/new" for ::1 at 2023-10-07 10:42:16 +0100
Processing by BlogsController#new as HTML
  Rendering layout layouts/application.html.erb
  Rendering blogs/new.html.erb within layouts/application
  Rendered blogs/_form.html.erb (Duration: 1.7ms | Allocations: 1156)
  Rendered blogs/new.html.erb within layouts/application (Duration: 2.0ms | Allocations: 1245)
  Rendered layout layouts/application.html.erb (Duration: 4.7ms | Allocations: 3350)
Completed 200 OK in 6ms (Views: 5.1ms | ActiveRecord: 0.0ms | Allocations: 3624)


  [1m[35m (0.2ms)[0m  [1m[34mSELECT pg_try_advisory_lock(2381184294941014920)[0m
  [1m[36mActiveRecord::SchemaMigration Pluck (0.5ms)[0m  [1m[34mSELECT "schema_migrations"."version" FROM "schema_migrations" ORDER BY "schema_migrations"."version" ASC[0m
Migrating to UpdateBlogs (20231007094543)
  [1m[36mTRANSACTION (0.2ms)[0m  [1m[35mBEGIN[0m
  [1m[35m (46.7ms)[0m  [1m[35mALTER TABLE "blogs" DROP COLUMN "text"[0m
  [1m[35m (1.1ms)[0m  [1m[35mALTER TABLE "blogs" ALTER COLUMN "title" TYPE character varying[0m
  [1m[35m (0.4ms)[0m  [1m[35mALTER TABLE "blogs" ALTER COLUMN "body" TYPE text[0m
  [1m[36mActiveRecord::SchemaMigration Create (1.1ms)[0m  [1m[32mINSERT INTO "schema_migrations" ("version") VALUES ($1) RETURNING "version"[0m  [["version", "20231007094543"]]
  [1m[36mTRANSACTION (0.4ms)[0m  [1m[35mCOMMIT[0m
  [1m[36mActiveRecord::InternalMetadata Load (0.4ms)[0m  [1m[34mSELECT "ar_internal_metadata".* FROM "ar_internal_metadata" WHERE "ar_internal_metadata"."key" = $1 LIMIT $2[0m  [["key", "environment"], ["LIMIT", 1]]
  [1m[35m (0.4ms)[0m  [1m[34mSELECT pg_advisory_unlock(2381184294941014920)[0m
  [1m[36mActiveRecord::SchemaMigration Pluck (0.7ms)[0m  [1m[34mSELECT "schema_migrations"."version" FROM "schema_migrations" ORDER BY "schema_migrations"."version" ASC[0m
  [1m[36mActiveRecord::SchemaMigration Pluck (0.5ms)[0m  [1m[34mSELECT "schema_migrations"."version" FROM "schema_migrations" ORDER BY "schema_migrations"."version" ASC[0m
Started GET "/blogs/new" for ::1 at 2023-10-07 10:46:30 +0100
  [1m[36mActiveRecord::SchemaMigration Pluck (0.5ms)[0m  [1m[34mSELECT "schema_migrations"."version" FROM "schema_migrations" ORDER BY "schema_migrations"."version" ASC[0m
Processing by BlogsController#new as HTML
  Rendering layout layouts/application.html.erb
  Rendering blogs/new.html.erb within layouts/application
  Rendered blogs/_form.html.erb (Duration: 3.0ms | Allocations: 1314)
  Rendered blogs/new.html.erb within layouts/application (Duration: 3.4ms | Allocations: 1418)
  Rendered layout layouts/application.html.erb (Duration: 16.0ms | Allocations: 14417)
Completed 200 OK in 21ms (Views: 17.1ms | ActiveRecord: 0.0ms | Allocations: 16968)


Started GET "/blogs" for ::1 at 2023-10-07 10:46:32 +0100
Processing by BlogsController#index as HTML
  Rendering layout layouts/application.html.erb
  Rendering blogs/index.html.erb within layouts/application
  [1m[36mBlog Load (0.6ms)[0m  [1m[34mSELECT "blogs".* FROM "blogs"[0m
  ↳ app/views/blogs/index.html.erb:6
  Rendered blogs/index.html.erb within layouts/application (Duration: 2.6ms | Allocations: 901)
  Rendered layout layouts/application.html.erb (Duration: 5.9ms | Allocations: 3006)
Completed 200 OK in 7ms (Views: 5.9ms | ActiveRecord: 0.6ms | Allocations: 3317)


Started GET "/blogs/new" for ::1 at 2023-10-07 10:46:34 +0100
Processing by BlogsController#new as HTML
  Rendering layout layouts/application.html.erb
  Rendering blogs/new.html.erb within layouts/application
  Rendered blogs/_form.html.erb (Duration: 1.4ms | Allocations: 1170)
  Rendered blogs/new.html.erb within layouts/application (Duration: 1.8ms | Allocations: 1259)
  Rendered layout layouts/application.html.erb (Duration: 5.0ms | Allocations: 3364)
Completed 200 OK in 6ms (Views: 5.4ms | ActiveRecord: 0.0ms | Allocations: 3638)


Started GET "/blogs/new" for ::1 at 2023-10-07 10:47:26 +0100
Processing by BlogsController#new as HTML
  Rendering layout layouts/application.html.erb
  Rendering blogs/new.html.erb within layouts/application
  Rendered blogs/_form.html.erb (Duration: 1.8ms | Allocations: 1343)
  Rendered blogs/new.html.erb within layouts/application (Duration: 2.8ms | Allocations: 1651)
  Rendered layout layouts/application.html.erb (Duration: 6.0ms | Allocations: 4026)
Completed 200 OK in 9ms (Views: 7.6ms | ActiveRecord: 0.0ms | Allocations: 4852)


Started GET "/blogs" for ::1 at 2023-10-07 10:47:29 +0100
Processing by BlogsController#index as HTML
  Rendering layout layouts/application.html.erb
  Rendering blogs/index.html.erb within layouts/application
  [1m[36mBlog Load (0.2ms)[0m  [1m[34mSELECT "blogs".* FROM "blogs"[0m
  ↳ app/views/blogs/index.html.erb:6
  Rendered blogs/index.html.erb within layouts/application (Duration: 2.7ms | Allocations: 996)
  Rendered layout layouts/application.html.erb (Duration: 5.7ms | Allocations: 3101)
Completed 200 OK in 7ms (Views: 5.9ms | ActiveRecord: 0.2ms | Allocations: 3453)


Started GET "/blogs/new" for ::1 at 2023-10-07 10:47:30 +0100
Processing by BlogsController#new as HTML
  Rendering layout layouts/application.html.erb
  Rendering blogs/new.html.erb within layouts/application
  Rendered blogs/_form.html.erb (Duration: 2.6ms | Allocations: 937)
  Rendered blogs/new.html.erb within layouts/application (Duration: 2.9ms | Allocations: 1026)
  Rendered layout layouts/application.html.erb (Duration: 7.3ms | Allocations: 3131)
Completed 200 OK in 9ms (Views: 8.2ms | ActiveRecord: 0.0ms | Allocations: 3405)


Started POST "/blogs" for ::1 at 2023-10-07 10:47:41 +0100
Processing by BlogsController#create as TURBO_STREAM
  Parameters: {"authenticity_token"=>"[FILTERED]", "blog"=>{"title"=>"Second", "body"=>"Test blog"}, "commit"=>"Create Blog"}
  [1m[36mTRANSACTION (0.1ms)[0m  [1m[35mBEGIN[0m
  ↳ app/controllers/blogs_controller.rb:27:in `block in create'
  [1m[36mBlog Create (1.6ms)[0m  [1m[32mINSERT INTO "blogs" ("title", "body", "text", "created_at", "updated_at") VALUES ($1, $2, $3, $4, $5) RETURNING "id"[0m  [["title", "Second"], ["body", "Test blog"], ["text", nil], ["created_at", "2023-10-07 09:47:41.169329"], ["updated_at", "2023-10-07 09:47:41.169329"]]
  ↳ app/controllers/blogs_controller.rb:27:in `block in create'
  [1m[36mTRANSACTION (0.4ms)[0m  [1m[31mROLLBACK[0m
  ↳ app/controllers/blogs_controller.rb:27:in `block in create'
Completed 500 Internal Server Error in 6ms (ActiveRecord: 2.1ms | Allocations: 3810)


  
ActiveRecord::StatementInvalid (PG::UndefinedColumn: ERROR:  column "text" of relation "blogs" does not exist
LINE 1: INSERT INTO "blogs" ("title", "body", "text", "created_at", ...
                                              ^
):
  
app/controllers/blogs_controller.rb:27:in `block in create'
app/controllers/blogs_controller.rb:26:in `create'
Started GET "/blogs/new" for ::1 at 2023-10-07 10:48:23 +0100
Processing by BlogsController#new as HTML
  Rendering layout layouts/application.html.erb
  Rendering blogs/new.html.erb within layouts/application
  Rendered blogs/_form.html.erb (Duration: 1.2ms | Allocations: 955)
  Rendered blogs/new.html.erb within layouts/application (Duration: 1.4ms | Allocations: 1044)
  Rendered layout layouts/application.html.erb (Duration: 3.9ms | Allocations: 3182)
Completed 200 OK in 5ms (Views: 4.4ms | ActiveRecord: 0.0ms | Allocations: 3455)


Started POST "/blogs" for ::1 at 2023-10-07 10:48:30 +0100
Processing by BlogsController#create as TURBO_STREAM
  Parameters: {"authenticity_token"=>"[FILTERED]", "blog"=>{"title"=>"testing ", "body"=>"Hello"}, "commit"=>"Create Blog"}
  [1m[36mTRANSACTION (0.1ms)[0m  [1m[35mBEGIN[0m
  ↳ app/controllers/blogs_controller.rb:27:in `block in create'
  [1m[36mBlog Create (0.8ms)[0m  [1m[32mINSERT INTO "blogs" ("title", "body", "text", "created_at", "updated_at") VALUES ($1, $2, $3, $4, $5) RETURNING "id"[0m  [["title", "testing "], ["body", "Hello"], ["text", nil], ["created_at", "2023-10-07 09:48:30.940563"], ["updated_at", "2023-10-07 09:48:30.940563"]]
  ↳ app/controllers/blogs_controller.rb:27:in `block in create'
  [1m[36mTRANSACTION (0.3ms)[0m  [1m[31mROLLBACK[0m
  ↳ app/controllers/blogs_controller.rb:27:in `block in create'
Completed 500 Internal Server Error in 5ms (ActiveRecord: 1.2ms | Allocations: 3183)


  
ActiveRecord::StatementInvalid (PG::UndefinedColumn: ERROR:  column "text" of relation "blogs" does not exist
LINE 1: INSERT INTO "blogs" ("title", "body", "text", "created_at", ...
                                              ^
):
  
app/controllers/blogs_controller.rb:27:in `block in create'
app/controllers/blogs_controller.rb:26:in `create'
Started GET "/blogs/new" for ::1 at 2023-10-07 10:49:03 +0100
Processing by BlogsController#new as HTML
  Rendering layout layouts/application.html.erb
  Rendering blogs/new.html.erb within layouts/application
  Rendered blogs/_form.html.erb (Duration: 1.5ms | Allocations: 1062)
  Rendered blogs/new.html.erb within layouts/application (Duration: 1.8ms | Allocations: 1166)
  Rendered layout layouts/application.html.erb (Duration: 13.7ms | Allocations: 14167)
Completed 200 OK in 24ms (Views: 14.7ms | ActiveRecord: 5.5ms | Allocations: 16782)


Started POST "/blogs" for ::1 at 2023-10-07 10:49:10 +0100
Processing by BlogsController#create as TURBO_STREAM
  Parameters: {"authenticity_token"=>"[FILTERED]", "blog"=>{"title"=>"testing", "body"=>"How about now?"}, "commit"=>"Create Blog"}
  [1m[36mTRANSACTION (0.4ms)[0m  [1m[35mBEGIN[0m
  ↳ app/controllers/blogs_controller.rb:27:in `block in create'
  [1m[36mBlog Create (0.8ms)[0m  [1m[32mINSERT INTO "blogs" ("title", "body", "created_at", "updated_at") VALUES ($1, $2, $3, $4) RETURNING "id"[0m  [["title", "testing"], ["body", "How about now?"], ["created_at", "2023-10-07 09:49:10.289975"], ["updated_at", "2023-10-07 09:49:10.289975"]]
  ↳ app/controllers/blogs_controller.rb:27:in `block in create'
  [1m[36mTRANSACTION (1.4ms)[0m  [1m[35mCOMMIT[0m
  ↳ app/controllers/blogs_controller.rb:27:in `block in create'
Redirected to http://localhost:3000/blogs/2
Completed 302 Found in 7ms (ActiveRecord: 2.6ms | Allocations: 2423)


Started GET "/blogs/2" for ::1 at 2023-10-07 10:49:10 +0100
Processing by BlogsController#show as TURBO_STREAM
  Parameters: {"id"=>"2"}
  [1m[36mBlog Load (0.3ms)[0m  [1m[34mSELECT "blogs".* FROM "blogs" WHERE "blogs"."id" = $1 LIMIT $2[0m  [["id", 2], ["LIMIT", 1]]
  ↳ app/controllers/blogs_controller.rb:63:in `set_blog'
  Rendering layout layouts/application.html.erb
  Rendering blogs/show.html.erb within layouts/application
  Rendered blogs/_blog.html.erb (Duration: 0.4ms | Allocations: 180)
  Rendered blogs/show.html.erb within layouts/application (Duration: 2.0ms | Allocations: 1106)
  Rendered layout layouts/application.html.erb (Duration: 5.5ms | Allocations: 3203)
Completed 200 OK in 8ms (Views: 5.9ms | ActiveRecord: 0.4ms | Allocations: 4775)


Started GET "/blogs" for ::1 at 2023-10-07 10:49:12 +0100
Processing by BlogsController#index as HTML
  Rendering layout layouts/application.html.erb
  Rendering blogs/index.html.erb within layouts/application
  [1m[36mBlog Load (0.4ms)[0m  [1m[34mSELECT "blogs".* FROM "blogs"[0m
  ↳ app/views/blogs/index.html.erb:6
  Rendered blogs/_blog.html.erb (Duration: 0.2ms | Allocations: 19)
  Rendered blogs/index.html.erb within layouts/application (Duration: 3.2ms | Allocations: 967)
  Rendered layout layouts/application.html.erb (Duration: 7.2ms | Allocations: 3072)
Completed 200 OK in 8ms (Views: 7.2ms | ActiveRecord: 0.4ms | Allocations: 3345)


Started GET "/blogs" for ::1 at 2023-10-07 10:50:27 +0100
Processing by BlogsController#index as HTML
  Rendering layout layouts/application.html.erb
  Rendering blogs/index.html.erb within layouts/application
  [1m[36mBlog Load (0.2ms)[0m  [1m[34mSELECT "blogs".* FROM "blogs"[0m
  ↳ app/views/blogs/index.html.erb:6
  Rendered blogs/_blog.html.erb (Duration: 0.1ms | Allocations: 19)
  Rendered blogs/index.html.erb within layouts/application (Duration: 2.0ms | Allocations: 913)
  Rendered layout layouts/application.html.erb (Duration: 4.4ms | Allocations: 3018)
Completed 200 OK in 5ms (Views: 4.6ms | ActiveRecord: 0.2ms | Allocations: 3287)


Started GET "/blogs/new" for ::1 at 2023-10-07 10:50:39 +0100
Processing by BlogsController#new as HTML
  Rendering layout layouts/application.html.erb
  Rendering blogs/new.html.erb within layouts/application
  Rendered blogs/_form.html.erb (Duration: 1.2ms | Allocations: 961)
  Rendered blogs/new.html.erb within layouts/application (Duration: 1.5ms | Allocations: 1050)
  Rendered layout layouts/application.html.erb (Duration: 4.0ms | Allocations: 3155)
Completed 200 OK in 5ms (Views: 4.5ms | ActiveRecord: 0.0ms | Allocations: 3428)


Started POST "/blogs" for ::1 at 2023-10-07 10:50:50 +0100
Processing by BlogsController#create as TURBO_STREAM
  Parameters: {"authenticity_token"=>"[FILTERED]", "blog"=>{"title"=>"Another blog post here", "body"=>"AND SOME COPY!"}, "commit"=>"Create Blog"}
  [1m[36mTRANSACTION (0.1ms)[0m  [1m[35mBEGIN[0m
  ↳ app/controllers/blogs_controller.rb:27:in `block in create'
  [1m[36mBlog Create (0.3ms)[0m  [1m[32mINSERT INTO "blogs" ("title", "body", "created_at", "updated_at") VALUES ($1, $2, $3, $4) RETURNING "id"[0m  [["title", "Another blog post here"], ["body", "AND SOME COPY!"], ["created_at", "2023-10-07 09:50:50.805211"], ["updated_at", "2023-10-07 09:50:50.805211"]]
  ↳ app/controllers/blogs_controller.rb:27:in `block in create'
  [1m[36mTRANSACTION (1.2ms)[0m  [1m[35mCOMMIT[0m
  ↳ app/controllers/blogs_controller.rb:27:in `block in create'
Redirected to http://localhost:3000/blogs/3
Completed 302 Found in 6ms (ActiveRecord: 1.6ms | Allocations: 2285)


Started GET "/blogs/3" for ::1 at 2023-10-07 10:50:50 +0100
Processing by BlogsController#show as TURBO_STREAM
  Parameters: {"id"=>"3"}
  [1m[36mBlog Load (0.2ms)[0m  [1m[34mSELECT "blogs".* FROM "blogs" WHERE "blogs"."id" = $1 LIMIT $2[0m  [["id", 3], ["LIMIT", 1]]
  ↳ app/controllers/blogs_controller.rb:63:in `set_blog'
  Rendering layout layouts/application.html.erb
  Rendering blogs/show.html.erb within layouts/application
  Rendered blogs/_blog.html.erb (Duration: 0.1ms | Allocations: 20)
  Rendered blogs/show.html.erb within layouts/application (Duration: 1.0ms | Allocations: 567)
  Rendered layout layouts/application.html.erb (Duration: 4.0ms | Allocations: 2697)
Completed 200 OK in 10ms (Views: 4.4ms | ActiveRecord: 0.2ms | Allocations: 3474)


Started GET "/blogs" for ::1 at 2023-10-07 10:50:53 +0100
Processing by BlogsController#index as HTML
  Rendering layout layouts/application.html.erb
  Rendering blogs/index.html.erb within layouts/application
  [1m[36mBlog Load (0.2ms)[0m  [1m[34mSELECT "blogs".* FROM "blogs"[0m
  ↳ app/views/blogs/index.html.erb:6
  Rendered blogs/_blog.html.erb (Duration: 0.1ms | Allocations: 19)
  Rendered blogs/_blog.html.erb (Duration: 0.0ms | Allocations: 19)
  Rendered blogs/index.html.erb within layouts/application (Duration: 2.8ms | Allocations: 1063)
  Rendered layout layouts/application.html.erb (Duration: 5.2ms | Allocations: 3181)
Completed 200 OK in 6ms (Views: 5.4ms | ActiveRecord: 0.2ms | Allocations: 3452)


Started GET "/blogs" for ::1 at 2023-10-07 11:03:37 +0100
Processing by BlogsController#index as HTML
  Rendering layout layouts/application.html.erb
  Rendering blogs/index.html.erb within layouts/application
  [1m[36mBlog Load (0.4ms)[0m  [1m[34mSELECT "blogs".* FROM "blogs"[0m
  ↳ app/views/blogs/index.html.erb:6
  Rendered blogs/_blog.html.erb (Duration: 0.1ms | Allocations: 19)
  Rendered blogs/_blog.html.erb (Duration: 0.1ms | Allocations: 19)
  Rendered blogs/index.html.erb within layouts/application (Duration: 16.5ms | Allocations: 3919)
  Rendered layout layouts/application.html.erb (Duration: 19.4ms | Allocations: 6042)
Completed 200 OK in 20ms (Views: 13.8ms | ActiveRecord: 6.0ms | Allocations: 6311)


Started GET "/blogs/" for ::1 at 2023-10-07 11:03:41 +0100
Processing by BlogsController#index as HTML
  Rendering layout layouts/application.html.erb
  Rendering blogs/index.html.erb within layouts/application
  [1m[36mBlog Load (0.2ms)[0m  [1m[34mSELECT "blogs".* FROM "blogs"[0m
  ↳ app/views/blogs/index.html.erb:6
  Rendered blogs/_blog.html.erb (Duration: 0.1ms | Allocations: 19)
  Rendered blogs/_blog.html.erb (Duration: 0.0ms | Allocations: 19)
  Rendered blogs/index.html.erb within layouts/application (Duration: 2.4ms | Allocations: 1063)
  Rendered layout layouts/application.html.erb (Duration: 5.3ms | Allocations: 3168)
Completed 200 OK in 6ms (Views: 5.5ms | ActiveRecord: 0.2ms | Allocations: 3438)


Started GET "/blogs/new" for ::1 at 2023-10-07 11:03:41 +0100
Processing by BlogsController#new as HTML
  Rendering layout layouts/application.html.erb
  Rendering blogs/new.html.erb within layouts/application
  Rendered blogs/_form.html.erb (Duration: 1.9ms | Allocations: 937)
  Rendered blogs/new.html.erb within layouts/application (Duration: 2.4ms | Allocations: 1026)
  Rendered layout layouts/application.html.erb (Duration: 6.5ms | Allocations: 3132)
Completed 200 OK in 8ms (Views: 7.0ms | ActiveRecord: 0.0ms | Allocations: 3403)


Started GET "/blogs/new" for ::1 at 2023-10-07 11:04:34 +0100
Processing by BlogsController#new as HTML
  Rendering layout layouts/application.html.erb
  Rendering blogs/new.html.erb within layouts/application
  Rendered blogs/_form.html.erb (Duration: 1.5ms | Allocations: 1057)
  Rendered blogs/new.html.erb within layouts/application (Duration: 1.8ms | Allocations: 1161)
  Rendered layout layouts/application.html.erb (Duration: 12.2ms | Allocations: 14127)
Completed 200 OK in 23ms (Views: 13.4ms | ActiveRecord: 5.6ms | Allocations: 16776)


Started GET "/blogs" for ::1 at 2023-10-07 11:05:01 +0100
Processing by BlogsController#index as HTML
  Rendering layout layouts/application.html.erb
  Rendering blogs/index.html.erb within layouts/application
  [1m[36mBlog Load (0.2ms)[0m  [1m[34mSELECT "blogs".* FROM "blogs"[0m
  ↳ app/views/blogs/index.html.erb:6
  Rendered blogs/_blog.html.erb (Duration: 0.1ms | Allocations: 28)
  Rendered blogs/_blog.html.erb (Duration: 0.1ms | Allocations: 19)
  Rendered blogs/index.html.erb within layouts/application (Duration: 2.8ms | Allocations: 1160)
  Rendered layout layouts/application.html.erb (Duration: 5.5ms | Allocations: 3265)
Completed 200 OK in 7ms (Views: 5.8ms | ActiveRecord: 0.2ms | Allocations: 3576)


Started GET "/blogs/new" for ::1 at 2023-10-07 11:05:06 +0100
Processing by BlogsController#new as HTML
  Rendering layout layouts/application.html.erb
  Rendering blogs/new.html.erb within layouts/application
  Rendered blogs/_form.html.erb (Duration: 1.3ms | Allocations: 952)
  Rendered blogs/new.html.erb within layouts/application (Duration: 1.6ms | Allocations: 1041)
  Rendered layout layouts/application.html.erb (Duration: 4.3ms | Allocations: 3146)
Completed 200 OK in 6ms (Views: 4.8ms | ActiveRecord: 0.0ms | Allocations: 3419)


Started GET "/blogs" for ::1 at 2023-10-07 11:05:08 +0100
Processing by BlogsController#index as HTML
  Rendering layout layouts/application.html.erb
  Rendering blogs/index.html.erb within layouts/application
  [1m[36mBlog Load (0.2ms)[0m  [1m[34mSELECT "blogs".* FROM "blogs"[0m
  ↳ app/views/blogs/index.html.erb:6
  Rendered blogs/_blog.html.erb (Duration: 0.1ms | Allocations: 19)
  Rendered blogs/_blog.html.erb (Duration: 0.1ms | Allocations: 19)
  Rendered blogs/index.html.erb within layouts/application (Duration: 2.8ms | Allocations: 1054)
  Rendered layout layouts/application.html.erb (Duration: 6.1ms | Allocations: 3192)
Completed 200 OK in 7ms (Views: 6.4ms | ActiveRecord: 0.2ms | Allocations: 3465)


Started GET "/blogs/2" for ::1 at 2023-10-07 11:07:11 +0100
Processing by BlogsController#show as HTML
  Parameters: {"id"=>"2"}
  [1m[36mBlog Load (0.3ms)[0m  [1m[34mSELECT "blogs".* FROM "blogs" WHERE "blogs"."id" = $1 LIMIT $2[0m  [["id", 2], ["LIMIT", 1]]
  ↳ app/controllers/blogs_controller.rb:58:in `set_blog'
  Rendering layout layouts/application.html.erb
  Rendering blogs/show.html.erb within layouts/application
  Rendered blogs/_blog.html.erb (Duration: 0.1ms | Allocations: 19)
  Rendered blogs/show.html.erb within layouts/application (Duration: 1.7ms | Allocations: 565)
  Rendered layout layouts/application.html.erb (Duration: 5.0ms | Allocations: 2684)
Completed 200 OK in 9ms (Views: 5.5ms | ActiveRecord: 0.4ms | Allocations: 4065)


Started GET "/blogs/2" for ::1 at 2023-10-07 11:12:16 +0100
Processing by BlogsController#show as HTML
  Parameters: {"id"=>"2"}
  [1m[36mBlog Load (0.2ms)[0m  [1m[34mSELECT "blogs".* FROM "blogs" WHERE "blogs"."id" = $1 LIMIT $2[0m  [["id", 2], ["LIMIT", 1]]
  ↳ app/controllers/blogs_controller.rb:58:in `set_blog'
  Rendering layout layouts/application.html.erb
  Rendering blogs/show.html.erb within layouts/application
  Rendered blogs/_blog.html.erb (Duration: 0.7ms | Allocations: 180)
  Rendered blogs/show.html.erb within layouts/application (Duration: 2.3ms | Allocations: 1041)
  Rendered layout layouts/application.html.erb (Duration: 5.7ms | Allocations: 3416)
Completed 200 OK in 9ms (Views: 7.2ms | ActiveRecord: 0.2ms | Allocations: 4766)


Started GET "/blogs/" for ::1 at 2023-10-07 11:12:18 +0100
Processing by BlogsController#index as HTML
  Rendering layout layouts/application.html.erb
  Rendering blogs/index.html.erb within layouts/application
  [1m[36mBlog Load (0.3ms)[0m  [1m[34mSELECT "blogs".* FROM "blogs"[0m
  ↳ app/views/blogs/index.html.erb:16
  Rendered blogs/index.html.erb within layouts/application (Duration: 2.7ms | Allocations: 1369)
  Rendered layout layouts/application.html.erb (Duration: 5.7ms | Allocations: 3474)
Completed 200 OK in 7ms (Views: 5.9ms | ActiveRecord: 0.3ms | Allocations: 3824)


Started GET "/blogs" for ::1 at 2023-10-07 11:12:18 +0100
Processing by BlogsController#index as HTML
  Rendering layout layouts/application.html.erb
  Rendering blogs/index.html.erb within layouts/application
  [1m[36mBlog Load (0.2ms)[0m  [1m[34mSELECT "blogs".* FROM "blogs"[0m
  ↳ app/views/blogs/index.html.erb:16
  Rendered blogs/index.html.erb within layouts/application (Duration: 2.4ms | Allocations: 1091)
  Rendered layout layouts/application.html.erb (Duration: 4.8ms | Allocations: 3196)
Completed 200 OK in 6ms (Views: 4.9ms | ActiveRecord: 0.2ms | Allocations: 3465)


Started GET "/blogs" for ::1 at 2023-10-07 11:12:29 +0100
Processing by BlogsController#index as HTML
  Rendering layout layouts/application.html.erb
  Rendering blogs/index.html.erb within layouts/application
  [1m[36mBlog Load (0.2ms)[0m  [1m[34mSELECT "blogs".* FROM "blogs"[0m
  ↳ app/views/blogs/index.html.erb:16
  Rendered blogs/index.html.erb within layouts/application (Duration: 2.7ms | Allocations: 1387)
  Rendered layout layouts/application.html.erb (Duration: 6.1ms | Allocations: 3768)
Completed 200 OK in 9ms (Views: 7.8ms | ActiveRecord: 0.2ms | Allocations: 4613)


Started GET "/blogs" for ::1 at 2023-10-07 11:13:41 +0100
Processing by BlogsController#index as HTML
  Rendering layout layouts/application.html.erb
  Rendering blogs/index.html.erb within layouts/application
  [1m[36mBlog Load (0.2ms)[0m  [1m[34mSELECT "blogs".* FROM "blogs"[0m
  ↳ app/views/blogs/index.html.erb:16
  Rendered blogs/index.html.erb within layouts/application (Duration: 2.4ms | Allocations: 1393)
  Rendered layout layouts/application.html.erb (Duration: 5.6ms | Allocations: 3773)
Completed 200 OK in 8ms (Views: 6.9ms | ActiveRecord: 0.2ms | Allocations: 4619)


Started GET "/blogs" for ::1 at 2023-10-07 11:14:14 +0100
Processing by BlogsController#index as HTML
  Rendering layout layouts/application.html.erb
  Rendering blogs/index.html.erb within layouts/application
  [1m[36mBlog Load (0.2ms)[0m  [1m[34mSELECT "blogs".* FROM "blogs"[0m
  ↳ app/views/blogs/index.html.erb:16
  Rendered blogs/index.html.erb within layouts/application (Duration: 2.9ms | Allocations: 1377)
  Rendered layout layouts/application.html.erb (Duration: 7.1ms | Allocations: 3757)
Completed 200 OK in 10ms (Views: 8.5ms | ActiveRecord: 0.2ms | Allocations: 4603)


Started GET "/blogs" for ::1 at 2023-10-07 11:14:20 +0100
Processing by BlogsController#index as HTML
  Rendering layout layouts/application.html.erb
  Rendering blogs/index.html.erb within layouts/application
  [1m[36mBlog Load (0.2ms)[0m  [1m[34mSELECT "blogs".* FROM "blogs"[0m
  ↳ app/views/blogs/index.html.erb:16
  Rendered blogs/index.html.erb within layouts/application (Duration: 3.0ms | Allocations: 1382)
  Rendered layout layouts/application.html.erb (Duration: 6.3ms | Allocations: 3762)
Completed 200 OK in 9ms (Views: 7.6ms | ActiveRecord: 0.2ms | Allocations: 4609)


Started GET "/blogs" for ::1 at 2023-10-07 11:14:31 +0100
Processing by BlogsController#index as HTML
  Rendering layout layouts/application.html.erb
  Rendering blogs/index.html.erb within layouts/application
  [1m[36mBlog Load (0.2ms)[0m  [1m[34mSELECT "blogs".* FROM "blogs"[0m
  ↳ app/views/blogs/index.html.erb:16
  Rendered blogs/index.html.erb within layouts/application (Duration: 2.4ms | Allocations: 1387)
  Rendered layout layouts/application.html.erb (Duration: 5.8ms | Allocations: 3767)
Completed 200 OK in 8ms (Views: 7.1ms | ActiveRecord: 0.2ms | Allocations: 4613)


Started GET "/blogs/2" for ::1 at 2023-10-07 11:20:52 +0100
Processing by BlogsController#show as HTML
  Parameters: {"id"=>"2"}
  [1m[36mBlog Load (0.3ms)[0m  [1m[34mSELECT "blogs".* FROM "blogs" WHERE "blogs"."id" = $1 LIMIT $2[0m  [["id", 2], ["LIMIT", 1]]
  ↳ app/controllers/blogs_controller.rb:58:in `set_blog'
  Rendering layout layouts/application.html.erb
  Rendering blogs/show.html.erb within layouts/application
  Rendered blogs/_blog.html.erb (Duration: 0.4ms | Allocations: 180)
  Rendered blogs/show.html.erb within layouts/application (Duration: 2.1ms | Allocations: 1015)
  Rendered layout layouts/application.html.erb (Duration: 4.6ms | Allocations: 3112)
Completed 200 OK in 20ms (Views: 5.0ms | ActiveRecord: 5.6ms | Allocations: 6852)


Started GET "/blogs" for ::1 at 2023-10-07 11:20:55 +0100
Processing by BlogsController#index as HTML
  Rendering layout layouts/application.html.erb
  Rendering blogs/index.html.erb within layouts/application
  [1m[36mBlog Load (0.2ms)[0m  [1m[34mSELECT "blogs".* FROM "blogs"[0m
  ↳ app/views/blogs/index.html.erb:16
  Rendered blogs/index.html.erb within layouts/application (Duration: 2.2ms | Allocations: 1090)
  Rendered layout layouts/application.html.erb (Duration: 5.2ms | Allocations: 3195)
Completed 200 OK in 6ms (Views: 5.4ms | ActiveRecord: 0.2ms | Allocations: 3466)


Started GET "/blogs/2" for ::1 at 2023-10-07 11:20:56 +0100
Processing by BlogsController#show as HTML
  Parameters: {"id"=>"2"}
  [1m[36mBlog Load (0.2ms)[0m  [1m[34mSELECT "blogs".* FROM "blogs" WHERE "blogs"."id" = $1 LIMIT $2[0m  [["id", 2], ["LIMIT", 1]]
  ↳ app/controllers/blogs_controller.rb:58:in `set_blog'
  Rendering layout layouts/application.html.erb
  Rendering blogs/show.html.erb within layouts/application
  Rendered blogs/_blog.html.erb (Duration: 0.1ms | Allocations: 19)
  Rendered blogs/show.html.erb within layouts/application (Duration: 0.9ms | Allocations: 554)
  Rendered layout layouts/application.html.erb (Duration: 3.8ms | Allocations: 2684)
Completed 200 OK in 6ms (Views: 4.2ms | ActiveRecord: 0.2ms | Allocations: 3458)


Started GET "/blogs" for ::1 at 2023-10-07 11:20:59 +0100
Processing by BlogsController#index as HTML
  Rendering layout layouts/application.html.erb
  Rendering blogs/index.html.erb within layouts/application
  [1m[36mBlog Load (0.3ms)[0m  [1m[34mSELECT "blogs".* FROM "blogs"[0m
  ↳ app/views/blogs/index.html.erb:16
  Rendered blogs/index.html.erb within layouts/application (Duration: 2.6ms | Allocations: 1081)
  Rendered layout layouts/application.html.erb (Duration: 5.7ms | Allocations: 3208)
Completed 200 OK in 7ms (Views: 5.8ms | ActiveRecord: 0.3ms | Allocations: 3479)


Started GET "/blogs" for ::1 at 2023-10-07 11:22:09 +0100
Processing by BlogsController#index as HTML
  Rendering layout layouts/application.html.erb
  Rendering blogs/index.html.erb within layouts/application
  [1m[36mBlog Load (0.2ms)[0m  [1m[34mSELECT "blogs".* FROM "blogs"[0m
  ↳ app/views/blogs/index.html.erb:16
  Rendered blogs/index.html.erb within layouts/application (Duration: 2.5ms | Allocations: 1102)
  Rendered layout layouts/application.html.erb (Duration: 5.1ms | Allocations: 3216)
Completed 200 OK in 6ms (Views: 5.3ms | ActiveRecord: 0.2ms | Allocations: 3485)


Started GET "/blogs" for ::1 at 2023-10-07 11:22:13 +0100
Processing by BlogsController#index as HTML
  Rendering layout layouts/application.html.erb
  Rendering blogs/index.html.erb within layouts/application
  [1m[36mBlog Load (0.2ms)[0m  [1m[34mSELECT "blogs".* FROM "blogs"[0m
  ↳ app/views/blogs/index.html.erb:16
  Rendered blogs/index.html.erb within layouts/application (Duration: 2.0ms | Allocations: 1090)
  Rendered layout layouts/application.html.erb (Duration: 5.1ms | Allocations: 3195)
Completed 200 OK in 6ms (Views: 5.3ms | ActiveRecord: 0.2ms | Allocations: 3465)


Started GET "/" for ::1 at 2023-10-07 11:22:13 +0100
Processing by Rails::WelcomeController#index as HTML
  Rendering /Users/elliotduck/.rvm/gems/ruby-3.2.2/gems/railties-7.0.8/lib/rails/templates/rails/welcome/index.html.erb
  Rendered /Users/elliotduck/.rvm/gems/ruby-3.2.2/gems/railties-7.0.8/lib/rails/templates/rails/welcome/index.html.erb (Duration: 0.8ms | Allocations: 275)
Completed 200 OK in 3ms (Views: 1.8ms | ActiveRecord: 0.0ms | Allocations: 839)


Started GET "/" for ::1 at 2023-10-07 11:22:45 +0100
Processing by Rails::WelcomeController#index as HTML
  Rendering /Users/elliotduck/.rvm/gems/ruby-3.2.2/gems/railties-7.0.8/lib/rails/templates/rails/welcome/index.html.erb
  Rendered /Users/elliotduck/.rvm/gems/ruby-3.2.2/gems/railties-7.0.8/lib/rails/templates/rails/welcome/index.html.erb (Duration: 0.1ms | Allocations: 13)
Completed 200 OK in 1ms (Views: 0.4ms | ActiveRecord: 0.0ms | Allocations: 212)


Started GET "/1" for ::1 at 2023-10-07 11:22:47 +0100
  
ActionController::RoutingError (No route matches [GET] "/1"):
  
Started GET "/1" for ::1 at 2023-10-07 11:23:36 +0100
  
NoMethodError (undefined method `route' for #<ActionDispatch::Routing::Mapper:0x0000000113b16318 @set=#<ActionDispatch::Routing::RouteSet:0x00000001126649d8>, @draw_paths=[#<Pathname:/Users/elliotduck/Documents/Retrovate/RetrovateRails/config/routes>], @scope=#<ActionDispatch::Routing::Mapper::Scope:0x000000011371e288 @hash={:path_names=>{:new=>"new", :edit=>"edit"}}, @parent=#<ActionDispatch::Routing::Mapper::Scope:0x00000001128e2070 @hash=nil, @parent=nil, @scope_level=nil>, @scope_level=nil>, @concerns={}>):
  
config/routes.rb:2:in `block in <main>'
config/routes.rb:1:in `<main>'
Started GET "/1" for ::1 at 2023-10-07 11:24:05 +0100
  
NoMethodError (undefined method `route' for #<ActionDispatch::Routing::Mapper:0x0000000113b12588 @set=#<ActionDispatch::Routing::RouteSet:0x00000001126649d8>, @draw_paths=[#<Pathname:/Users/elliotduck/Documents/Retrovate/RetrovateRails/config/routes>], @scope=#<ActionDispatch::Routing::Mapper::Scope:0x00000001137df758 @hash={:path_names=>{:new=>"new", :edit=>"edit"}}, @parent=#<ActionDispatch::Routing::Mapper::Scope:0x00000001128e2070 @hash=nil, @parent=nil, @scope_level=nil>, @scope_level=nil>, @concerns={}>):
  
config/routes.rb:2:in `block in <main>'
config/routes.rb:1:in `<main>'
Started GET "/" for ::1 at 2023-10-07 11:24:08 +0100
  
ActionController::RoutingError (No route matches [GET] "/"):
  
Started GET "/blogs" for ::1 at 2023-10-07 11:24:15 +0100
  
ActionController::RoutingError (No route matches [GET] "/blogs"):
  
Started GET "/blogs" for ::1 at 2023-10-07 11:24:15 +0100
  
ActionController::RoutingError (No route matches [GET] "/blogs"):
  
Started GET "/blogs" for ::1 at 2023-10-07 11:24:17 +0100
  
ActionController::RoutingError (No route matches [GET] "/blogs"):
  
Started GET "/blogs" for ::1 at 2023-10-07 11:24:23 +0100
Processing by BlogsController#index as HTML
  Rendering layout layouts/application.html.erb
  Rendering blogs/index.html.erb within layouts/application
  [1m[36mBlog Load (0.3ms)[0m  [1m[34mSELECT "blogs".* FROM "blogs"[0m
  ↳ app/views/blogs/index.html.erb:16
  Rendered blogs/index.html.erb within layouts/application (Duration: 14.7ms | Allocations: 2767)
  Rendered layout layouts/application.html.erb (Duration: 25.9ms | Allocations: 15781)
Completed 200 OK in 29ms (Views: 17.0ms | ActiveRecord: 9.9ms | Allocations: 16898)


